<?xml version="1.0" encoding="UTF-8"?>
<testng-results ignored="0" total="4" passed="4" failed="0" skipped="0">
  <reporter-output>
  </reporter-output>
  <suite started-at="2023-08-22T18:52:58 GMT-04:00" name="PetSuite" finished-at="2023-08-22T18:53:02 GMT-04:00" duration-ms="3613">
    <groups>
    </groups>
    <test started-at="2023-08-22T18:52:58 GMT-04:00" name="PetTests" finished-at="2023-08-22T18:53:02 GMT-04:00" duration-ms="3613">
      <class name="api.test.UserTests2">
        <test-method is-config="true" signature="setup()[pri:0, instance:api.test.UserTests2@1ffaf86]" started-at="2023-08-22T18:52:59 GMT-04:00" name="setup" finished-at="2023-08-22T18:52:59 GMT-04:00" duration-ms="344" status="PASS">
          <reporter-output>
          </reporter-output>
        </test-method> <!-- setup -->
        <test-method signature="testPostUser()[pri:1, instance:api.test.UserTests2@1ffaf86]" started-at="2023-08-22T18:52:59 GMT-04:00" name="testPostUser" finished-at="2023-08-22T18:53:01 GMT-04:00" duration-ms="2324" status="PASS">
          <reporter-output>
          </reporter-output>
        </test-method> <!-- testPostUser -->
        <test-method signature="testGetUserByName()[pri:2, instance:api.test.UserTests2@1ffaf86]" started-at="2023-08-22T18:53:01 GMT-04:00" name="testGetUserByName" finished-at="2023-08-22T18:53:01 GMT-04:00" duration-ms="139" status="PASS">
          <reporter-output>
          </reporter-output>
        </test-method> <!-- testGetUserByName -->
        <test-method signature="testUpdateUserByName()[pri:3, instance:api.test.UserTests2@1ffaf86]" started-at="2023-08-22T18:53:01 GMT-04:00" name="testUpdateUserByName" finished-at="2023-08-22T18:53:02 GMT-04:00" duration-ms="269" status="PASS">
          <reporter-output>
          </reporter-output>
        </test-method> <!-- testUpdateUserByName -->
        <test-method signature="testDeleteUserByName()[pri:4, instance:api.test.UserTests2@1ffaf86]" started-at="2023-08-22T18:53:02 GMT-04:00" name="testDeleteUserByName" finished-at="2023-08-22T18:53:02 GMT-04:00" duration-ms="314" status="PASS">
          <reporter-output>
          </reporter-output>
        </test-method> <!-- testDeleteUserByName -->
      </class> <!-- api.test.UserTests2 -->
    </test> <!-- PetTests -->
  </suite> <!-- PetSuite -->
</testng-results>
