<?xml version="1.0" encoding="UTF-8"?>
<!-- Generated by org.testng.reporters.JUnitXMLReporter -->
<testsuite ignored="0" hostname="KrunalShigavan-1994" failures="0" tests="4" name="PetTests" time="3.613" errors="0" timestamp="2023-08-22T18:53:02 GMT-04:00">
  <testcase classname="api.test.UserTests2" name="testPostUser" time="2.324"/>
  <testcase classname="api.test.UserTests2" name="testGetUserByName" time="0.139"/>
  <testcase classname="api.test.UserTests2" name="testUpdateUserByName" time="0.269"/>
  <testcase classname="api.test.UserTests2" name="testDeleteUserByName" time="0.314"/>
</testsuite> <!-- PetTests -->
