<?xml version="1.0" encoding="UTF-8"?>
<!-- Generated by org.testng.reporters.JUnitXMLReporter -->
<testsuite ignored="0" hostname="KrunalShigavan-1994" failures="0" tests="6" name="Default test" time="2.924" errors="0" timestamp="2023-08-21T20:21:28 GMT-04:00">
  <testcase classname="api.test.DDTests" name="testPostUser" time="1.355"/>
  <testcase classname="api.test.DDTests" name="testPostUser" time="0.129"/>
  <testcase classname="api.test.DDTests" name="testPostUser" time="0.127"/>
  <testcase classname="api.test.DDTests" name="testDeleteUserByName" time="0.132"/>
  <testcase classname="api.test.DDTests" name="testDeleteUserByName" time="0.12"/>
  <testcase classname="api.test.DDTests" name="testDeleteUserByName" time="0.124"/>
</testsuite> <!-- Default test -->
